» tahi-dashboard@0.1.0 → ./ds-bundle (window.TahiDS)
  react@19.2.4 has no UMD — bundling via esbuild
[DETECT] searched C:\Users\Work\projects\tahi-dashboard (depth 4), found .storybook at [] → shape=package
  source shape: package (from cfg.shape)
  [DTS] parsed 0 .d.ts files from C:\Users\Work\projects\tahi-dashboard\lib
  package: 46 components (46 src-matched)
  bundle: 2605 KB
  inlined npm packages: 69
  (decorator auto-detect skipped — no .storybook/ dir found)
  css: .design-sync\compiled.css (103 KB, copied)
  exported PascalCase symbols: 0
  components: 46
  (excluded 0 enum/type/context/hook exports; 46 components)
  guidelines: 1 file(s) → guidelines/
  docs: 46/46 components matched (cfg.docsDir=docs)
  previews: 0 generated → .design-sync/.cache/previews/
  [DTS] 20/46 components
  [DTS] 40/46 components
  [DTS] 46/46 components
  styles.css: 1 @import(s) (incl. _ds_bundle.css — component styles ship to designs via this closure)
  _ds_sync.json: 46 render hash(es) (verification anchor)
✓ wrote ./ds-bundle: _ds_bundle.js + styles.css + 46 component previews
